CREATE EXTENSION varint;
-- Basic type comparison tests for varint64
SELECT   '64'::VARINT64 =    '64'::VARINT64 AS t;
 t 
---
 t
(1 row)

SELECT    '0'::VARINT64 =     '1'::VARINT64 AS f;
 f 
---
 f
(1 row)

SELECT   '64'::VARINT64 <>   '64'::VARINT64 AS f;
 f 
---
 f
(1 row)

SELECT    '0'::VARINT64 <>    '1'::VARINT64 AS t;
 t 
---
 t
(1 row)

SELECT   '-1'::VARINT64 <    '64'::VARINT64 AS t;
 t 
---
 t
(1 row)

SELECT '-256'::VARINT64 <   '256'::VARINT64 AS t;
 t 
---
 t
(1 row)

SELECT   '64'::VARINT64 <    '64'::VARINT64 AS f;
 f 
---
 f
(1 row)

SELECT   '64'::VARINT64 <    '63'::VARINT64 AS f;
 f 
---
 f
(1 row)

SELECT '1024'::VARINT64 < '-4096'::VARINT64 AS f;
 f 
---
 f
(1 row)

SELECT   '-1'::VARINT64 <=    '64'::VARINT64 AS t;
 t 
---
 t
(1 row)

SELECT '-256'::VARINT64 <=   '256'::VARINT64 AS t;
 t 
---
 t
(1 row)

SELECT   '64'::VARINT64 <=    '64'::VARINT64 AS t;
 t 
---
 t
(1 row)

SELECT   '64'::VARINT64 <=    '63'::VARINT64 AS f;
 f 
---
 f
(1 row)

SELECT '1024'::VARINT64 <= '-4096'::VARINT64 AS f;
 f 
---
 f
(1 row)

SELECT   '-1'::VARINT64 >    '64'::VARINT64 AS f;
 f 
---
 f
(1 row)

SELECT '-256'::VARINT64 >   '256'::VARINT64 AS f;
 f 
---
 f
(1 row)

SELECT   '64'::VARINT64 >    '64'::VARINT64 AS f;
 f 
---
 f
(1 row)

SELECT   '64'::VARINT64 >    '63'::VARINT64 AS t;
 t 
---
 t
(1 row)

SELECT '1024'::VARINT64 > '-4096'::VARINT64 AS t;
 t 
---
 t
(1 row)

SELECT   '-1'::VARINT64 >=    '64'::VARINT64 AS f;
 f 
---
 f
(1 row)

SELECT '-256'::VARINT64 >=   '256'::VARINT64 AS f;
 f 
---
 f
(1 row)

SELECT   '64'::VARINT64 >=    '64'::VARINT64 AS t;
 t 
---
 t
(1 row)

SELECT   '64'::VARINT64 >=    '63'::VARINT64 AS t;
 t 
---
 t
(1 row)

SELECT '1024'::VARINT64 >= '-4096'::VARINT64 AS t;
 t 
---
 t
(1 row)

-- Basic type comparison tests for varuint64
SELECT    '0'::VARUINT64 =    '64'::VARUINT64 AS f;
 f 
---
 f
(1 row)

SELECT   '64'::VARUINT64 =    '64'::VARUINT64 AS t;
 t 
---
 t
(1 row)

SELECT   '64'::VARUINT64 <>   '64'::VARUINT64 AS f;
 f 
---
 f
(1 row)

SELECT    '0'::VARUINT64 <>    '1'::VARUINT64 AS t;
 t 
---
 t
(1 row)

SELECT   '12'::VARUINT64 <    '13'::VARUINT64 AS t;
 t 
---
 t
(1 row)

SELECT   '32'::VARUINT64 <    '12'::VARUINT64 AS f;
 f 
---
 f
(1 row)

SELECT   '32'::VARUINT64 <    '32'::VARUINT64 AS f;
 f 
---
 f
(1 row)

SELECT   '32'::VARUINT64 <    '33'::VARUINT64 AS t;
 t 
---
 t
(1 row)

SELECT   '12'::VARUINT64 <=   '13'::VARUINT64 AS t;
 t 
---
 t
(1 row)

SELECT   '32'::VARUINT64 <=   '12'::VARUINT64 AS f;
 f 
---
 f
(1 row)

SELECT   '32'::VARUINT64 <=   '32'::VARUINT64 AS t;
 t 
---
 t
(1 row)

SELECT   '32'::VARUINT64 <=   '33'::VARUINT64 AS t;
 t 
---
 t
(1 row)

SELECT   '12'::VARUINT64 >    '13'::VARUINT64 AS f;
 f 
---
 f
(1 row)

SELECT   '32'::VARUINT64 >    '12'::VARUINT64 AS t;
 t 
---
 t
(1 row)

SELECT   '32'::VARUINT64 >    '32'::VARUINT64 AS f;
 f 
---
 f
(1 row)

SELECT   '32'::VARUINT64 >    '33'::VARUINT64 AS f;
 f 
---
 f
(1 row)

SELECT   '12'::VARUINT64 >=   '13'::VARUINT64 AS f;
 f 
---
 f
(1 row)

SELECT   '32'::VARUINT64 >=   '12'::VARUINT64 AS t;
 t 
---
 t
(1 row)

SELECT   '32'::VARUINT64 >=   '32'::VARUINT64 AS t;
 t 
---
 t
(1 row)

SELECT   '32'::VARUINT64 >=   '33'::VARUINT64 AS f;
 f 
---
 f
(1 row)

-- varint64 <=> {int2,int4,int8} conversion tests
SELECT       '0'::VARINT64::INT2 AS "0";
 0 
---
 0
(1 row)

SELECT       '0'::INT2::VARINT64 AS "0";
 0 
---
 0
(1 row)

SELECT   '32767'::INT2::VARINT64 AS "32767";
 32767 
-------
 32767
(1 row)

SELECT   '32767'::VARINT64::INT2 AS "32767";
 32767 
-------
 32767
(1 row)

SELECT  '-32768'::INT2::VARINT64 AS "-32768";
 -32768 
--------
 -32768
(1 row)

SELECT  '-32768'::VARINT64::INT2 AS "-32768";
 -32768 
--------
 -32768
(1 row)

SELECT   '32768'::INT2::VARINT64 AS "ERROR: 32768";
ERROR:  value "32768" is out of range for type smallint
LINE 1: SELECT   '32768'::INT2::VARINT64 AS "ERROR: 32768";
                 ^
SELECT   '32768'::VARINT64::INT2 AS "ERROR: 32768";
ERROR:  integer out of range
SELECT  '-32769'::INT2::VARINT64 AS "ERROR: -32769";
ERROR:  value "-32769" is out of range for type smallint
LINE 1: SELECT  '-32769'::INT2::VARINT64 AS "ERROR: -32769";
                ^
SELECT  '-32769'::VARINT64::INT2 AS "ERROR: -32769";
ERROR:  integer out of range
SELECT            '0'::VARINT64::INT4 AS "0";
 0 
---
 0
(1 row)

SELECT            '0'::INT4::VARINT64 AS "0";
 0 
---
 0
(1 row)

SELECT   '2147483647'::INT4::VARINT64 AS "2147483647";
 2147483647 
------------
 2147483647
(1 row)

SELECT   '2147483647'::VARINT64::INT4 AS "2147483647";
 2147483647 
------------
 2147483647
(1 row)

SELECT  '-2147483648'::INT4::VARINT64 AS "-2147483648";
 -2147483648 
-------------
 -2147483648
(1 row)

SELECT  '-2147483648'::VARINT64::INT4 AS "-2147483648";
 -2147483648 
-------------
 -2147483648
(1 row)

SELECT   '2147483648'::INT4::VARINT64 AS "ERROR: 2147483648";
ERROR:  value "2147483648" is out of range for type integer
LINE 1: SELECT   '2147483648'::INT4::VARINT64 AS "ERROR: 2147483648"...
                 ^
SELECT   '2147483648'::VARINT64::INT4 AS "ERROR: 2147483648";
ERROR:  integer out of range
SELECT  '-2147483649'::INT4::VARINT64 AS "ERROR: -2147483649";
ERROR:  value "-2147483649" is out of range for type integer
LINE 1: SELECT  '-2147483649'::INT4::VARINT64 AS "ERROR: -2147483649...
                ^
SELECT  '-2147483649'::VARINT64::INT4 AS "ERROR: -2147483649";
ERROR:  integer out of range
SELECT                     '0'::VARINT64::INT8 AS "0";
 0 
---
 0
(1 row)

SELECT                     '0'::INT8::VARINT64 AS "0";
 0 
---
 0
(1 row)

SELECT   '9223372036854775807'::INT8::VARINT64 AS "9223372036854775807";
 9223372036854775807 
---------------------
 9223372036854775807
(1 row)

SELECT   '9223372036854775807'::VARINT64::INT8 AS "9223372036854775807";
 9223372036854775807 
---------------------
 9223372036854775807
(1 row)

SELECT  '-9223372036854775808'::INT8::VARINT64 AS "-9223372036854775808";
 -9223372036854775808 
----------------------
 -9223372036854775808
(1 row)

SELECT  '-9223372036854775808'::VARINT64::INT8 AS "-9223372036854775808";
 -9223372036854775808 
----------------------
 -9223372036854775808
(1 row)

SELECT   '9223372036854775808'::INT8::VARINT64 AS "ERROR: 9223372036854775808";
ERROR:  value "9223372036854775808" is out of range for type bigint
LINE 1: SELECT   '9223372036854775808'::INT8::VARINT64 AS "ERROR: 92...
                 ^
SELECT   '9223372036854775808'::VARINT64::INT8 AS "ERROR: 9223372036854775808";
ERROR:  value "9223372036854775808" is out of range for type bigint
LINE 1: SELECT   '9223372036854775808'::VARINT64::INT8 AS "ERROR: 92...
                 ^
SELECT  '-9223372036854775809'::INT8::VARINT64 AS "ERROR: -9223372036854775809";
ERROR:  value "-9223372036854775809" is out of range for type bigint
LINE 1: SELECT  '-9223372036854775809'::INT8::VARINT64 AS "ERROR: -9...
                ^
SELECT  '-9223372036854775809'::VARINT64::INT8 AS "ERROR: -9223372036854775809";
ERROR:  value "-9223372036854775809" is out of range for type bigint
LINE 1: SELECT  '-9223372036854775809'::VARINT64::INT8 AS "ERROR: -9...
                ^
-- varuint64 <=> {int2,int4,int8} conversion tests
SELECT       '0'::VARUINT64::INT2 AS "0";
 0 
---
 0
(1 row)

SELECT       '0'::INT2::VARUINT64 AS "0";
 0 
---
 0
(1 row)

SELECT   '32767'::INT2::VARUINT64 AS "32767";
 32767 
-------
 32767
(1 row)

SELECT   '32767'::VARUINT64::INT2 AS "32767";
 32767 
-------
 32767
(1 row)

SELECT   '32768'::INT2::VARUINT64 AS "ERROR: 32768";
ERROR:  value "32768" is out of range for type smallint
LINE 1: SELECT   '32768'::INT2::VARUINT64 AS "ERROR: 32768";
                 ^
SELECT   '32768'::VARUINT64::INT2 AS "ERROR: 32768";
ERROR:  integer out of range
SELECT            '0'::VARUINT64::INT4 AS "0";
 0 
---
 0
(1 row)

SELECT            '0'::INT4::VARUINT64 AS "0";
 0 
---
 0
(1 row)

SELECT   '2147483647'::INT4::VARUINT64 AS "2147483647";
 2147483647 
------------
 2147483647
(1 row)

SELECT   '2147483647'::VARUINT64::INT4 AS "2147483647";
 2147483647 
------------
 2147483647
(1 row)

SELECT   '2147483648'::INT4::VARUINT64 AS "ERROR: 2147483648";
ERROR:  value "2147483648" is out of range for type integer
LINE 1: SELECT   '2147483648'::INT4::VARUINT64 AS "ERROR: 2147483648...
                 ^
SELECT   '2147483648'::VARUINT64::INT4 AS "ERROR: 2147483648";
ERROR:  integer out of range
SELECT                     '0'::VARUINT64::INT8 AS "0";
 0 
---
 0
(1 row)

SELECT                     '0'::INT8::VARUINT64 AS "0";
 0 
---
 0
(1 row)

SELECT   '9223372036854775807'::INT8::VARUINT64 AS "9223372036854775807";
 9223372036854775807 
---------------------
 9223372036854775807
(1 row)

SELECT   '9223372036854775807'::VARUINT64::INT8 AS "9223372036854775807";
 9223372036854775807 
---------------------
 9223372036854775807
(1 row)

-- FIXME: The following shouldn't be an error, but is
SELECT   '9223372036854775808'::INT8::VARUINT64 AS "ERROR: 9223372036854775808";
ERROR:  value "9223372036854775808" is out of range for type bigint
LINE 1: SELECT   '9223372036854775808'::INT8::VARUINT64 AS "ERROR: 9...
                 ^
SELECT   '9223372036854775808'::VARUINT64::INT8 AS "ERROR: 9223372036854775808";
ERROR:  value "9223372036854775808" is out of range for type bigint
LINE 1: SELECT   '9223372036854775808'::VARUINT64::INT8 AS "ERROR: 9...
                 ^
-- Durable type comparison tests for varint64
CREATE TABLE varint64_table(lhs VARINT64, rhs VARINT64);
-- Leading/trailing spaces using two or more spaces or tabs
INSERT INTO varint64_table VALUES('  127  ','  256');
INSERT INTO varint64_table VALUES('128  ','		4096');
INSERT INTO varint64_table VALUES('4096		','		-4096		');
INSERT INTO varint64_table VALUES('4567890123456789','4567890123456789');
INSERT INTO varint64_table VALUES('+4567890123456789','-4567890123456789');
INSERT INTO varint64_table VALUES('-1',                   '0');
INSERT INTO varint64_table VALUES('-1',                  '-1');
INSERT INTO varint64_table VALUES('-1',                   '1');
INSERT INTO varint64_table VALUES('-1',                  '63');
INSERT INTO varint64_table VALUES('-1',                 '-64');
INSERT INTO varint64_table VALUES('-1',                  '64');
INSERT INTO varint64_table VALUES('-1',                 '-65');
INSERT INTO varint64_table VALUES('-1',                '8191');
INSERT INTO varint64_table VALUES('-1',               '-8192');
INSERT INTO varint64_table VALUES('-1',                '8192');
INSERT INTO varint64_table VALUES('-1',               '-8193');
INSERT INTO varint64_table VALUES('-1',             '1048575');
INSERT INTO varint64_table VALUES('-1',            '-1048576');
INSERT INTO varint64_table VALUES('-1',             '1048576');
INSERT INTO varint64_table VALUES('-1',            '-1048577');
INSERT INTO varint64_table VALUES('-1',           '134217727');
INSERT INTO varint64_table VALUES('-1',          '-134217728');
INSERT INTO varint64_table VALUES('-1',           '134217728');
INSERT INTO varint64_table VALUES('-1',          '-134217729');
INSERT INTO varint64_table VALUES('-1',         '17179869183');
INSERT INTO varint64_table VALUES('-1',        '-17179869184');
INSERT INTO varint64_table VALUES('-1',         '17179869184');
INSERT INTO varint64_table VALUES('-1',        '-17179869185');
INSERT INTO varint64_table VALUES('-1',       '2199023255551');
INSERT INTO varint64_table VALUES('-1',      '-2199023255552');
INSERT INTO varint64_table VALUES('-1',       '2199023255552');
INSERT INTO varint64_table VALUES('-1',      '-2199023255553');
INSERT INTO varint64_table VALUES('-1',     '281474976710655');
INSERT INTO varint64_table VALUES('-1',    '-281474976710656');
INSERT INTO varint64_table VALUES('-1',     '281474976710656');
INSERT INTO varint64_table VALUES('-1',    '-281474976710657');
INSERT INTO varint64_table VALUES('-1',   '36028797018963967');
INSERT INTO varint64_table VALUES('-1',  '-36028797018963968');
INSERT INTO varint64_table VALUES('-1',   '36028797018963968');
INSERT INTO varint64_table VALUES('-1',  '-36028797018963969');
INSERT INTO varint64_table VALUES('-1', '4611686018427387903');
INSERT INTO varint64_table VALUES('-1','-4611686018427387904');
INSERT INTO varint64_table VALUES('-1', '4611686018427387904');
INSERT INTO varint64_table VALUES('-1','-4611686018427387905');
-- Test bogus inputs
INSERT INTO varint64_table (lhs) VALUES ('  ');
ERROR:  invalid input syntax for integer: "  "
LINE 1: INSERT INTO varint64_table (lhs) VALUES ('  ');
                                                 ^
INSERT INTO varint64_table (lhs) VALUES ('xxx');
ERROR:  invalid input syntax for integer: "xxx"
LINE 1: INSERT INTO varint64_table (lhs) VALUES ('xxx');
                                                 ^
INSERT INTO varint64_table (lhs) VALUES ('3908203590239580293850293850329485');
ERROR:  value "3908203590239580293850293850329485" is out of range for type bigint
LINE 1: INSERT INTO varint64_table (lhs) VALUES ('390820359023958029...
                                                 ^
INSERT INTO varint64_table (lhs) VALUES ('-1204982019841029840928340329840934');
ERROR:  value "-1204982019841029840928340329840934" is out of range for type bigint
LINE 1: INSERT INTO varint64_table (lhs) VALUES ('-12049820198410298...
                                                 ^
INSERT INTO varint64_table (lhs) VALUES ('- 123');
ERROR:  invalid input syntax for integer: "- 123"
LINE 1: INSERT INTO varint64_table (lhs) VALUES ('- 123');
                                                 ^
INSERT INTO varint64_table (lhs) VALUES ('  123  456 ');
ERROR:  invalid input syntax for integer: "  123  456 "
LINE 1: INSERT INTO varint64_table (lhs) VALUES ('  123  456 ');
                                                 ^
INSERT INTO varint64_table (lhs) VALUES ('');
ERROR:  invalid input syntax for integer: ""
LINE 1: INSERT INTO varint64_table (lhs) VALUES ('');
                                                 ^
-- Test table IO
SELECT * FROM varint64_table;
       lhs        |         rhs          
------------------+----------------------
 127              | 256
 128              | 4096
 4096             | -4096
 4567890123456789 | 4567890123456789
 4567890123456789 | -4567890123456789
 -1               | 0
 -1               | -1
 -1               | 1
 -1               | 63
 -1               | -64
 -1               | 64
 -1               | -65
 -1               | 8191
 -1               | -8192
 -1               | 8192
 -1               | -8193
 -1               | 1048575
 -1               | -1048576
 -1               | 1048576
 -1               | -1048577
 -1               | 134217727
 -1               | -134217728
 -1               | 134217728
 -1               | -134217729
 -1               | 17179869183
 -1               | -17179869184
 -1               | 17179869184
 -1               | -17179869185
 -1               | 2199023255551
 -1               | -2199023255552
 -1               | 2199023255552
 -1               | -2199023255553
 -1               | 281474976710655
 -1               | -281474976710656
 -1               | 281474976710656
 -1               | -281474976710657
 -1               | 36028797018963967
 -1               | -36028797018963968
 -1               | 36028797018963968
 -1               | -36028797018963969
 -1               | 4611686018427387903
 -1               | -4611686018427387904
 -1               | 4611686018427387904
 -1               | -4611686018427387905
(44 rows)

SELECT * FROM varint64_table WHERE rhs =  '4567890123456789'::VARINT64;
       lhs        |       rhs        
------------------+------------------
 4567890123456789 | 4567890123456789
(1 row)

SELECT * FROM varint64_table WHERE rhs <> '4567890123456789'::VARINT64;
       lhs        |         rhs          
------------------+----------------------
 127              | 256
 128              | 4096
 4096             | -4096
 4567890123456789 | -4567890123456789
 -1               | 0
 -1               | -1
 -1               | 1
 -1               | 63
 -1               | -64
 -1               | 64
 -1               | -65
 -1               | 8191
 -1               | -8192
 -1               | 8192
 -1               | -8193
 -1               | 1048575
 -1               | -1048576
 -1               | 1048576
 -1               | -1048577
 -1               | 134217727
 -1               | -134217728
 -1               | 134217728
 -1               | -134217729
 -1               | 17179869183
 -1               | -17179869184
 -1               | 17179869184
 -1               | -17179869185
 -1               | 2199023255551
 -1               | -2199023255552
 -1               | 2199023255552
 -1               | -2199023255553
 -1               | 281474976710655
 -1               | -281474976710656
 -1               | 281474976710656
 -1               | -281474976710657
 -1               | 36028797018963967
 -1               | -36028797018963968
 -1               | 36028797018963968
 -1               | -36028797018963969
 -1               | 4611686018427387903
 -1               | -4611686018427387904
 -1               | 4611686018427387904
 -1               | -4611686018427387905
(43 rows)

SELECT * FROM varint64_table WHERE rhs < '4567890123456789'::VARINT64;
       lhs        |         rhs          
------------------+----------------------
 127              | 256
 128              | 4096
 4096             | -4096
 4567890123456789 | -4567890123456789
 -1               | 0
 -1               | -1
 -1               | 1
 -1               | 63
 -1               | -64
 -1               | 64
 -1               | -65
 -1               | 8191
 -1               | -8192
 -1               | 8192
 -1               | -8193
 -1               | 1048575
 -1               | -1048576
 -1               | 1048576
 -1               | -1048577
 -1               | 134217727
 -1               | -134217728
 -1               | 134217728
 -1               | -134217729
 -1               | 17179869183
 -1               | -17179869184
 -1               | 17179869184
 -1               | -17179869185
 -1               | 2199023255551
 -1               | -2199023255552
 -1               | 2199023255552
 -1               | -2199023255553
 -1               | 281474976710655
 -1               | -281474976710656
 -1               | 281474976710656
 -1               | -281474976710657
 -1               | -36028797018963968
 -1               | -36028797018963969
 -1               | -4611686018427387904
 -1               | -4611686018427387905
(39 rows)

SELECT * FROM varint64_table WHERE rhs > '4567890123456789'::VARINT64;
 lhs |         rhs         
-----+---------------------
 -1  | 36028797018963967
 -1  | 36028797018963968
 -1  | 4611686018427387903
 -1  | 4611686018427387904
(4 rows)

SELECT * FROM varint64_table WHERE rhs <= '4567890123456789'::VARINT64;
       lhs        |         rhs          
------------------+----------------------
 127              | 256
 128              | 4096
 4096             | -4096
 4567890123456789 | 4567890123456789
 4567890123456789 | -4567890123456789
 -1               | 0
 -1               | -1
 -1               | 1
 -1               | 63
 -1               | -64
 -1               | 64
 -1               | -65
 -1               | 8191
 -1               | -8192
 -1               | 8192
 -1               | -8193
 -1               | 1048575
 -1               | -1048576
 -1               | 1048576
 -1               | -1048577
 -1               | 134217727
 -1               | -134217728
 -1               | 134217728
 -1               | -134217729
 -1               | 17179869183
 -1               | -17179869184
 -1               | 17179869184
 -1               | -17179869185
 -1               | 2199023255551
 -1               | -2199023255552
 -1               | 2199023255552
 -1               | -2199023255553
 -1               | 281474976710655
 -1               | -281474976710656
 -1               | 281474976710656
 -1               | -281474976710657
 -1               | -36028797018963968
 -1               | -36028797018963969
 -1               | -4611686018427387904
 -1               | -4611686018427387905
(40 rows)

SELECT * FROM varint64_table WHERE rhs >= '4567890123456789'::VARINT64;
       lhs        |         rhs         
------------------+---------------------
 4567890123456789 | 4567890123456789
 -1               | 36028797018963967
 -1               | 36028797018963968
 -1               | 4611686018427387903
 -1               | 4611686018427387904
(5 rows)

SELECT * FROM varint64_table WHERE rhs <> '456'::VARINT64;
       lhs        |         rhs          
------------------+----------------------
 127              | 256
 128              | 4096
 4096             | -4096
 4567890123456789 | 4567890123456789
 4567890123456789 | -4567890123456789
 -1               | 0
 -1               | -1
 -1               | 1
 -1               | 63
 -1               | -64
 -1               | 64
 -1               | -65
 -1               | 8191
 -1               | -8192
 -1               | 8192
 -1               | -8193
 -1               | 1048575
 -1               | -1048576
 -1               | 1048576
 -1               | -1048577
 -1               | 134217727
 -1               | -134217728
 -1               | 134217728
 -1               | -134217729
 -1               | 17179869183
 -1               | -17179869184
 -1               | 17179869184
 -1               | -17179869185
 -1               | 2199023255551
 -1               | -2199023255552
 -1               | 2199023255552
 -1               | -2199023255553
 -1               | 281474976710655
 -1               | -281474976710656
 -1               | 281474976710656
 -1               | -281474976710657
 -1               | 36028797018963967
 -1               | -36028797018963968
 -1               | 36028797018963968
 -1               | -36028797018963969
 -1               | 4611686018427387903
 -1               | -4611686018427387904
 -1               | 4611686018427387904
 -1               | -4611686018427387905
(44 rows)

SELECT * FROM varint64_table WHERE rhs <  '456'::VARINT64;
       lhs        |         rhs          
------------------+----------------------
 127              | 256
 4096             | -4096
 4567890123456789 | -4567890123456789
 -1               | 0
 -1               | -1
 -1               | 1
 -1               | 63
 -1               | -64
 -1               | 64
 -1               | -65
 -1               | -8192
 -1               | -8193
 -1               | -1048576
 -1               | -1048577
 -1               | -134217728
 -1               | -134217729
 -1               | -17179869184
 -1               | -17179869185
 -1               | -2199023255552
 -1               | -2199023255553
 -1               | -281474976710656
 -1               | -281474976710657
 -1               | -36028797018963968
 -1               | -36028797018963969
 -1               | -4611686018427387904
 -1               | -4611686018427387905
(26 rows)

SELECT * FROM varint64_table WHERE rhs >  '456'::VARINT64;
       lhs        |         rhs         
------------------+---------------------
 128              | 4096
 4567890123456789 | 4567890123456789
 -1               | 8191
 -1               | 8192
 -1               | 1048575
 -1               | 1048576
 -1               | 134217727
 -1               | 134217728
 -1               | 17179869183
 -1               | 17179869184
 -1               | 2199023255551
 -1               | 2199023255552
 -1               | 281474976710655
 -1               | 281474976710656
 -1               | 36028797018963967
 -1               | 36028797018963968
 -1               | 4611686018427387903
 -1               | 4611686018427387904
(18 rows)

SELECT * FROM varint64_table WHERE rhs <= '456'::VARINT64;
       lhs        |         rhs          
------------------+----------------------
 127              | 256
 4096             | -4096
 4567890123456789 | -4567890123456789
 -1               | 0
 -1               | -1
 -1               | 1
 -1               | 63
 -1               | -64
 -1               | 64
 -1               | -65
 -1               | -8192
 -1               | -8193
 -1               | -1048576
 -1               | -1048577
 -1               | -134217728
 -1               | -134217729
 -1               | -17179869184
 -1               | -17179869185
 -1               | -2199023255552
 -1               | -2199023255553
 -1               | -281474976710656
 -1               | -281474976710657
 -1               | -36028797018963968
 -1               | -36028797018963969
 -1               | -4611686018427387904
 -1               | -4611686018427387905
(26 rows)

SELECT * FROM varint64_table WHERE rhs >= '456'::VARINT64;
       lhs        |         rhs         
------------------+---------------------
 128              | 4096
 4567890123456789 | 4567890123456789
 -1               | 8191
 -1               | 8192
 -1               | 1048575
 -1               | 1048576
 -1               | 134217727
 -1               | 134217728
 -1               | 17179869183
 -1               | 17179869184
 -1               | 2199023255551
 -1               | 2199023255552
 -1               | 281474976710655
 -1               | 281474976710656
 -1               | 36028797018963967
 -1               | 36028797018963968
 -1               | 4611686018427387903
 -1               | 4611686018427387904
(18 rows)

SELECT * FROM varint64_table WHERE '123'::VARINT64 =  lhs;
 lhs | rhs 
-----+-----
(0 rows)

SELECT * FROM varint64_table WHERE '123'::VARINT64 <> lhs;
       lhs        |         rhs          
------------------+----------------------
 127              | 256
 128              | 4096
 4096             | -4096
 4567890123456789 | 4567890123456789
 4567890123456789 | -4567890123456789
 -1               | 0
 -1               | -1
 -1               | 1
 -1               | 63
 -1               | -64
 -1               | 64
 -1               | -65
 -1               | 8191
 -1               | -8192
 -1               | 8192
 -1               | -8193
 -1               | 1048575
 -1               | -1048576
 -1               | 1048576
 -1               | -1048577
 -1               | 134217727
 -1               | -134217728
 -1               | 134217728
 -1               | -134217729
 -1               | 17179869183
 -1               | -17179869184
 -1               | 17179869184
 -1               | -17179869185
 -1               | 2199023255551
 -1               | -2199023255552
 -1               | 2199023255552
 -1               | -2199023255553
 -1               | 281474976710655
 -1               | -281474976710656
 -1               | 281474976710656
 -1               | -281474976710657
 -1               | 36028797018963967
 -1               | -36028797018963968
 -1               | 36028797018963968
 -1               | -36028797018963969
 -1               | 4611686018427387903
 -1               | -4611686018427387904
 -1               | 4611686018427387904
 -1               | -4611686018427387905
(44 rows)

SELECT * FROM varint64_table WHERE '123'::VARINT64 <  lhs;
       lhs        |        rhs        
------------------+-------------------
 127              | 256
 128              | 4096
 4096             | -4096
 4567890123456789 | 4567890123456789
 4567890123456789 | -4567890123456789
(5 rows)

SELECT * FROM varint64_table WHERE '123'::VARINT64 >  lhs;
 lhs |         rhs          
-----+----------------------
 -1  | 0
 -1  | -1
 -1  | 1
 -1  | 63
 -1  | -64
 -1  | 64
 -1  | -65
 -1  | 8191
 -1  | -8192
 -1  | 8192
 -1  | -8193
 -1  | 1048575
 -1  | -1048576
 -1  | 1048576
 -1  | -1048577
 -1  | 134217727
 -1  | -134217728
 -1  | 134217728
 -1  | -134217729
 -1  | 17179869183
 -1  | -17179869184
 -1  | 17179869184
 -1  | -17179869185
 -1  | 2199023255551
 -1  | -2199023255552
 -1  | 2199023255552
 -1  | -2199023255553
 -1  | 281474976710655
 -1  | -281474976710656
 -1  | 281474976710656
 -1  | -281474976710657
 -1  | 36028797018963967
 -1  | -36028797018963968
 -1  | 36028797018963968
 -1  | -36028797018963969
 -1  | 4611686018427387903
 -1  | -4611686018427387904
 -1  | 4611686018427387904
 -1  | -4611686018427387905
(39 rows)

SELECT * FROM varint64_table WHERE '123'::VARINT64 <= lhs;
       lhs        |        rhs        
------------------+-------------------
 127              | 256
 128              | 4096
 4096             | -4096
 4567890123456789 | 4567890123456789
 4567890123456789 | -4567890123456789
(5 rows)

SELECT * FROM varint64_table WHERE '123'::VARINT64 >= lhs;
 lhs |         rhs          
-----+----------------------
 -1  | 0
 -1  | -1
 -1  | 1
 -1  | 63
 -1  | -64
 -1  | 64
 -1  | -65
 -1  | 8191
 -1  | -8192
 -1  | 8192
 -1  | -8193
 -1  | 1048575
 -1  | -1048576
 -1  | 1048576
 -1  | -1048577
 -1  | 134217727
 -1  | -134217728
 -1  | 134217728
 -1  | -134217729
 -1  | 17179869183
 -1  | -17179869184
 -1  | 17179869184
 -1  | -17179869185
 -1  | 2199023255551
 -1  | -2199023255552
 -1  | 2199023255552
 -1  | -2199023255553
 -1  | 281474976710655
 -1  | -281474976710656
 -1  | 281474976710656
 -1  | -281474976710657
 -1  | 36028797018963967
 -1  | -36028797018963968
 -1  | 36028797018963968
 -1  | -36028797018963969
 -1  | 4611686018427387903
 -1  | -4611686018427387904
 -1  | 4611686018427387904
 -1  | -4611686018427387905
(39 rows)

-- Durable type comparison tests for varuint64
CREATE TABLE varuint64_table(lhs VARUINT64, rhs VARUINT64);
-- Leading/trailing spaces using two or more spaces or tabs
INSERT INTO varuint64_table VALUES('  127  ','  256');
INSERT INTO varuint64_table VALUES('128  ','		4096');
INSERT INTO varuint64_table VALUES('4096		','		-4096		');
ERROR:  value is out of range for type VARUINT64
LINE 1: INSERT INTO varuint64_table VALUES('4096  ','  -4096  ');
                                                    ^
INSERT INTO varuint64_table VALUES('4567890123456789','4567890123456789');
INSERT INTO varuint64_table VALUES('+4567890123456789','-4567890123456789');
ERROR:  value is out of range for type VARUINT64
LINE 1: ...T INTO varuint64_table VALUES('+4567890123456789','-45678901...
                                                             ^
INSERT INTO varuint64_table VALUES('0',                    '0');
INSERT INTO varuint64_table VALUES('0',                  '127');
INSERT INTO varuint64_table VALUES('0',                  '128');
INSERT INTO varuint64_table VALUES('0',                '16383');
INSERT INTO varuint64_table VALUES('0',                '16384');
INSERT INTO varuint64_table VALUES('0',              '2097151');
INSERT INTO varuint64_table VALUES('0',              '2097152');
INSERT INTO varuint64_table VALUES('0',            '268435455');
INSERT INTO varuint64_table VALUES('0',            '268435456');
INSERT INTO varuint64_table VALUES('0',          '34359738367');
INSERT INTO varuint64_table VALUES('0',          '34359738368');
INSERT INTO varuint64_table VALUES('0',        '4398046511103');
INSERT INTO varuint64_table VALUES('0',        '4398046511104');
INSERT INTO varuint64_table VALUES('0',      '562949953421311');
INSERT INTO varuint64_table VALUES('0',      '562949953421312');
INSERT INTO varuint64_table VALUES('0',    '72057594037927935');
INSERT INTO varuint64_table VALUES('0',    '72057594037927936');
INSERT INTO varuint64_table VALUES('0',  '9223372036854775807');
INSERT INTO varuint64_table VALUES('0',  '9223372036854775808');
ERROR:  value "9223372036854775808" is out of range for type bigint
LINE 1: INSERT INTO varuint64_table VALUES('0',  '922337203685477580...
                                                 ^
INSERT INTO varuint64_table VALUES('0', '18446744073709551615');
ERROR:  value "18446744073709551615" is out of range for type bigint
LINE 1: INSERT INTO varuint64_table VALUES('0', '1844674407370955161...
                                                ^
-- Test bogus inputs
INSERT INTO varuint64_table (lhs) VALUES ('  ');
ERROR:  invalid input syntax for integer: "  "
LINE 1: INSERT INTO varuint64_table (lhs) VALUES ('  ');
                                                  ^
INSERT INTO varuint64_table (lhs) VALUES ('xxx');
ERROR:  invalid input syntax for integer: "xxx"
LINE 1: INSERT INTO varuint64_table (lhs) VALUES ('xxx');
                                                  ^
INSERT INTO varuint64_table (lhs) VALUES ('3908203590239580293850293850329485');
ERROR:  value "3908203590239580293850293850329485" is out of range for type bigint
LINE 1: INSERT INTO varuint64_table (lhs) VALUES ('39082035902395802...
                                                  ^
INSERT INTO varuint64_table (lhs) VALUES ('-1204982019841029840928340329840934');
ERROR:  value "-1204982019841029840928340329840934" is out of range for type bigint
LINE 1: INSERT INTO varuint64_table (lhs) VALUES ('-1204982019841029...
                                                  ^
INSERT INTO varuint64_table (lhs) VALUES ('- 123');
ERROR:  invalid input syntax for integer: "- 123"
LINE 1: INSERT INTO varuint64_table (lhs) VALUES ('- 123');
                                                  ^
INSERT INTO varuint64_table (lhs) VALUES ('  123  456 ');
ERROR:  invalid input syntax for integer: "  123  456 "
LINE 1: INSERT INTO varuint64_table (lhs) VALUES ('  123  456 ');
                                                  ^
INSERT INTO varuint64_table (lhs) VALUES ('');
ERROR:  invalid input syntax for integer: ""
LINE 1: INSERT INTO varuint64_table (lhs) VALUES ('');
                                                  ^
-- Test table IO
SELECT * FROM varuint64_table;
       lhs        |         rhs         
------------------+---------------------
 127              | 256
 128              | 4096
 4567890123456789 | 4567890123456789
 0                | 0
 0                | 127
 0                | 128
 0                | 16383
 0                | 16384
 0                | 2097151
 0                | 2097152
 0                | 268435455
 0                | 268435456
 0                | 34359738367
 0                | 34359738368
 0                | 4398046511103
 0                | 4398046511104
 0                | 562949953421311
 0                | 562949953421312
 0                | 72057594037927935
 0                | 72057594037927936
 0                | 9223372036854775807
(21 rows)

SELECT * FROM varuint64_table WHERE rhs =  '4567890123456789'::VARUINT64;
       lhs        |       rhs        
------------------+------------------
 4567890123456789 | 4567890123456789
(1 row)

SELECT * FROM varuint64_table WHERE rhs <> '4567890123456789'::VARUINT64;
 lhs |         rhs         
-----+---------------------
 127 | 256
 128 | 4096
 0   | 0
 0   | 127
 0   | 128
 0   | 16383
 0   | 16384
 0   | 2097151
 0   | 2097152
 0   | 268435455
 0   | 268435456
 0   | 34359738367
 0   | 34359738368
 0   | 4398046511103
 0   | 4398046511104
 0   | 562949953421311
 0   | 562949953421312
 0   | 72057594037927935
 0   | 72057594037927936
 0   | 9223372036854775807
(20 rows)

SELECT * FROM varuint64_table WHERE rhs < '4567890123456789'::VARUINT64;
 lhs |       rhs       
-----+-----------------
 127 | 256
 128 | 4096
 0   | 0
 0   | 127
 0   | 128
 0   | 16383
 0   | 16384
 0   | 2097151
 0   | 2097152
 0   | 268435455
 0   | 268435456
 0   | 34359738367
 0   | 34359738368
 0   | 4398046511103
 0   | 4398046511104
 0   | 562949953421311
 0   | 562949953421312
(17 rows)

SELECT * FROM varuint64_table WHERE rhs > '4567890123456789'::VARUINT64;
 lhs |         rhs         
-----+---------------------
 0   | 72057594037927935
 0   | 72057594037927936
 0   | 9223372036854775807
(3 rows)

SELECT * FROM varuint64_table WHERE rhs <= '4567890123456789'::VARUINT64;
       lhs        |       rhs        
------------------+------------------
 127              | 256
 128              | 4096
 4567890123456789 | 4567890123456789
 0                | 0
 0                | 127
 0                | 128
 0                | 16383
 0                | 16384
 0                | 2097151
 0                | 2097152
 0                | 268435455
 0                | 268435456
 0                | 34359738367
 0                | 34359738368
 0                | 4398046511103
 0                | 4398046511104
 0                | 562949953421311
 0                | 562949953421312
(18 rows)

SELECT * FROM varuint64_table WHERE rhs >= '4567890123456789'::VARUINT64;
       lhs        |         rhs         
------------------+---------------------
 4567890123456789 | 4567890123456789
 0                | 72057594037927935
 0                | 72057594037927936
 0                | 9223372036854775807
(4 rows)

SELECT * FROM varuint64_table WHERE rhs <> '456'::VARUINT64;
       lhs        |         rhs         
------------------+---------------------
 127              | 256
 128              | 4096
 4567890123456789 | 4567890123456789
 0                | 0
 0                | 127
 0                | 128
 0                | 16383
 0                | 16384
 0                | 2097151
 0                | 2097152
 0                | 268435455
 0                | 268435456
 0                | 34359738367
 0                | 34359738368
 0                | 4398046511103
 0                | 4398046511104
 0                | 562949953421311
 0                | 562949953421312
 0                | 72057594037927935
 0                | 72057594037927936
 0                | 9223372036854775807
(21 rows)

SELECT * FROM varuint64_table WHERE rhs <  '456'::VARUINT64;
 lhs | rhs 
-----+-----
 127 | 256
 0   | 0
 0   | 127
 0   | 128
(4 rows)

SELECT * FROM varuint64_table WHERE rhs >  '456'::VARUINT64;
       lhs        |         rhs         
------------------+---------------------
 128              | 4096
 4567890123456789 | 4567890123456789
 0                | 16383
 0                | 16384
 0                | 2097151
 0                | 2097152
 0                | 268435455
 0                | 268435456
 0                | 34359738367
 0                | 34359738368
 0                | 4398046511103
 0                | 4398046511104
 0                | 562949953421311
 0                | 562949953421312
 0                | 72057594037927935
 0                | 72057594037927936
 0                | 9223372036854775807
(17 rows)

SELECT * FROM varuint64_table WHERE rhs <= '456'::VARUINT64;
 lhs | rhs 
-----+-----
 127 | 256
 0   | 0
 0   | 127
 0   | 128
(4 rows)

SELECT * FROM varuint64_table WHERE rhs >= '456'::VARUINT64;
       lhs        |         rhs         
------------------+---------------------
 128              | 4096
 4567890123456789 | 4567890123456789
 0                | 16383
 0                | 16384
 0                | 2097151
 0                | 2097152
 0                | 268435455
 0                | 268435456
 0                | 34359738367
 0                | 34359738368
 0                | 4398046511103
 0                | 4398046511104
 0                | 562949953421311
 0                | 562949953421312
 0                | 72057594037927935
 0                | 72057594037927936
 0                | 9223372036854775807
(17 rows)

SELECT * FROM varuint64_table WHERE '123'::VARUINT64 =  lhs;
 lhs | rhs 
-----+-----
(0 rows)

SELECT * FROM varuint64_table WHERE '123'::VARUINT64 <> lhs;
       lhs        |         rhs         
------------------+---------------------
 127              | 256
 128              | 4096
 4567890123456789 | 4567890123456789
 0                | 0
 0                | 127
 0                | 128
 0                | 16383
 0                | 16384
 0                | 2097151
 0                | 2097152
 0                | 268435455
 0                | 268435456
 0                | 34359738367
 0                | 34359738368
 0                | 4398046511103
 0                | 4398046511104
 0                | 562949953421311
 0                | 562949953421312
 0                | 72057594037927935
 0                | 72057594037927936
 0                | 9223372036854775807
(21 rows)

SELECT * FROM varuint64_table WHERE '123'::VARUINT64 <  lhs;
       lhs        |       rhs        
------------------+------------------
 127              | 256
 128              | 4096
 4567890123456789 | 4567890123456789
(3 rows)

SELECT * FROM varuint64_table WHERE '123'::VARUINT64 >  lhs;
 lhs |         rhs         
-----+---------------------
 0   | 0
 0   | 127
 0   | 128
 0   | 16383
 0   | 16384
 0   | 2097151
 0   | 2097152
 0   | 268435455
 0   | 268435456
 0   | 34359738367
 0   | 34359738368
 0   | 4398046511103
 0   | 4398046511104
 0   | 562949953421311
 0   | 562949953421312
 0   | 72057594037927935
 0   | 72057594037927936
 0   | 9223372036854775807
(18 rows)

SELECT * FROM varuint64_table WHERE '123'::VARUINT64 <= lhs;
       lhs        |       rhs        
------------------+------------------
 127              | 256
 128              | 4096
 4567890123456789 | 4567890123456789
(3 rows)

SELECT * FROM varuint64_table WHERE '123'::VARUINT64 >= lhs;
 lhs |         rhs         
-----+---------------------
 0   | 0
 0   | 127
 0   | 128
 0   | 16383
 0   | 16384
 0   | 2097151
 0   | 2097152
 0   | 268435455
 0   | 268435456
 0   | 34359738367
 0   | 34359738368
 0   | 4398046511103
 0   | 4398046511104
 0   | 562949953421311
 0   | 562949953421312
 0   | 72057594037927935
 0   | 72057594037927936
 0   | 9223372036854775807
(18 rows)

-- And now for the punchline: test the encoded sizes of various bits
SELECT rhs, sizeof(rhs), sizeof(rhs, true), sizeof(rhs, false) FROM varint64_table WHERE lhs = '-1' ORDER BY rhs ASC;
         rhs          | sizeof | sizeof | sizeof 
----------------------+--------+--------+--------
 -4611686018427387905 |     11 |     11 |     10
 -4611686018427387904 |     10 |     10 |      9
 -36028797018963969   |     10 |     10 |      9
 -36028797018963968   |      9 |      9 |      8
 -281474976710657     |      9 |      9 |      8
 -281474976710656     |      8 |      8 |      7
 -2199023255553       |      8 |      8 |      7
 -2199023255552       |      7 |      7 |      6
 -17179869185         |      7 |      7 |      6
 -17179869184         |      6 |      6 |      5
 -134217729           |      6 |      6 |      5
 -134217728           |      5 |      5 |      4
 -1048577             |      5 |      5 |      4
 -1048576             |      4 |      4 |      3
 -8193                |      4 |      4 |      3
 -8192                |      3 |      3 |      2
 -65                  |      3 |      3 |      2
 -64                  |      2 |      2 |      1
 -1                   |      2 |      2 |      1
 0                    |      2 |      2 |      1
 1                    |      2 |      2 |      1
 63                   |      2 |      2 |      1
 64                   |      3 |      3 |      2
 8191                 |      3 |      3 |      2
 8192                 |      4 |      4 |      3
 1048575              |      4 |      4 |      3
 1048576              |      5 |      5 |      4
 134217727            |      5 |      5 |      4
 134217728            |      6 |      6 |      5
 17179869183          |      6 |      6 |      5
 17179869184          |      7 |      7 |      6
 2199023255551        |      7 |      7 |      6
 2199023255552        |      8 |      8 |      7
 281474976710655      |      8 |      8 |      7
 281474976710656      |      9 |      9 |      8
 36028797018963967    |      9 |      9 |      8
 36028797018963968    |     10 |     10 |      9
 4611686018427387903  |     10 |     10 |      9
 4611686018427387904  |     11 |     11 |     10
(39 rows)

-- And now for the punchline: test the encoded sizes of various bits
SELECT rhs, sizeof(rhs), sizeof(rhs, true), sizeof(rhs, false) FROM varuint64_table WHERE lhs = '0' ORDER BY rhs ASC;
         rhs         | sizeof | sizeof | sizeof 
---------------------+--------+--------+--------
 0                   |      2 |      2 |      1
 127                 |      2 |      2 |      1
 128                 |      3 |      3 |      2
 16383               |      3 |      3 |      2
 16384               |      4 |      4 |      3
 2097151             |      4 |      4 |      3
 2097152             |      5 |      5 |      4
 268435455           |      5 |      5 |      4
 268435456           |      6 |      6 |      5
 34359738367         |      6 |      6 |      5
 34359738368         |      7 |      7 |      6
 4398046511103       |      7 |      7 |      6
 4398046511104       |      8 |      8 |      7
 562949953421311     |      8 |      8 |      7
 562949953421312     |      9 |      9 |      8
 72057594037927935   |      9 |      9 |      8
 72057594037927936   |     10 |     10 |      9
 9223372036854775807 |     10 |     10 |      9
(18 rows)

-- Cleanup
DROP TABLE varint64_table;
DROP TABLE varuint64_table;
DROP EXTENSION varint CASCADE;
